<?xml version="1.0" encoding="UTF-8"?>
<testsuites>
  <testsuite name="" tests="2" assertions="2" errors="0" warnings="0" failures="0" skipped="0" time="0.218009">
    <testsuite name="Unit" tests="1" assertions="1" errors="0" warnings="0" failures="0" skipped="0" time="0.007960">
      <testsuite name="Tests\Unit\ExampleTest" file="D:\Work\jwt-validation\tests\Unit\ExampleTest.php" tests="1" assertions="1" errors="0" warnings="0" failures="0" skipped="0" time="0.007960">
        <testcase name="test_that_true_is_true" class="Tests\Unit\ExampleTest" classname="Tests.Unit.ExampleTest" file="D:\Work\jwt-validation\tests\Unit\ExampleTest.php" line="14" assertions="1" time="0.007960"/>
      </testsuite>
    </testsuite>
    <testsuite name="Feature" tests="1" assertions="1" errors="0" warnings="0" failures="0" skipped="0" time="0.210049">
      <testsuite name="Tests\Feature\ExampleTest" file="D:\Work\jwt-validation\tests\Feature\ExampleTest.php" tests="1" assertions="1" errors="0" warnings="0" failures="0" skipped="0" time="0.210049">
        <testcase name="test_the_application_returns_a_successful_response" class="Tests\Feature\ExampleTest" classname="Tests.Feature.ExampleTest" file="D:\Work\jwt-validation\tests\Feature\ExampleTest.php" line="15" assertions="1" time="0.210049"/>
      </testsuite>
    </testsuite>
  </testsuite>
</testsuites>
